\BOOKMARK [-1][-]{part.1}{Einf\374hrung}{}% 1
\BOOKMARK [0][-]{section.1}{Einleitung}{part.1}% 2
\BOOKMARK [1][-]{section.2}{Zusammenfassung}{section.1}% 3
\BOOKMARK [-1][-]{part.2}{Versuche}{}% 4
\BOOKMARK [0][-]{section.3}{\334bersicht}{part.2}% 5
\BOOKMARK [1][-]{subsection.3.1}{Laboreinrichtung}{section.3}% 6
\BOOKMARK [2][-]{subsection.3.2}{Maschinensatz}{subsection.3.1}% 7
\BOOKMARK [2][-]{subsection.3.3}{Messeinrichtungen}{subsection.3.1}% 8
\BOOKMARK [2][-]{subsection.3.4}{Speisungen und Belastungen}{subsection.3.1}% 9
\BOOKMARK [1][-]{section.4}{Inbetriebsetzung}{section.3}% 10
\BOOKMARK [2][-]{subsection.4.1}{Gleichstrommaschine}{section.4}% 11
\BOOKMARK [2][-]{subsection.4.2}{ASM}{section.4}% 12
\BOOKMARK [1][-]{section.5}{Maschinenkennwerte}{section.3}% 13
\BOOKMARK [2][-]{subsection.5.1}{Leerlaufkennlinie}{section.5}% 14
\BOOKMARK [2][-]{subsection.5.2}{Kurzschlusskennlinie}{section.5}% 15
\BOOKMARK [2][-]{subsection.5.3}{L\344ngsreaktanz Xd}{section.5}% 16
\BOOKMARK [2][-]{subsection.5.4}{Schwebeverfahren}{section.5}% 17
\BOOKMARK [1][-]{section.6}{SM als Generator im Inselbetrieb}{section.3}% 18
\BOOKMARK [2][-]{subsection.6.1}{Belastungskennlinie}{section.6}% 19
\BOOKMARK [2][-]{subsection.6.2}{Spannungsregelung}{section.6}% 20
\BOOKMARK [1][-]{section.7}{SM am Netz}{section.3}% 21
\BOOKMARK [2][-]{subsection.7.1}{Synchronisation}{section.7}% 22
\BOOKMARK [2][-]{subsection.7.2}{Variation der Wirkleistung}{section.7}% 23
\BOOKMARK [2][-]{subsection.7.3}{Variation der Blindleistung}{section.7}% 24
\BOOKMARK [-1][-]{part.3}{Schlussteil}{}% 25
\BOOKMARK [0][-]{section.8}{Fazit}{part.3}% 26
\BOOKMARK [1][-]{section.9}{Erkenntnisse}{section.8}% 27
\BOOKMARK [1][-]{section.10}{Verzeichnisse}{section.8}% 28
\BOOKMARK [1][-]{section.11}{Anhang}{section.8}% 29
